
> frontend@1.1.0 dev
> vite


  VITE v5.4.19  ready in 98 ms

  ➜  Local:   http://localhost:5173/
  ➜  Network: use --host to expose
Files in the public directory are served at the root path.
Instead of /public/styles.css, use /styles.css.
10:19:31 PM [vite] page reload src/components/GainersTable.jsx
10:19:33 PM [vite] page reload src/components/GainersTable.jsx
Files in the public directory are served at the root path.
Instead of /public/styles.css, use /styles.css.
10:19:35 PM [vite] page reload src/components/LosersTable.jsx
Files in the public directory are served at the root path.
Instead of /public/styles.css, use /styles.css.
10:19:37 PM [vite] page reload src/components/LosersTable.jsx
Files in the public directory are served at the root path.
Instead of /public/styles.css, use /styles.css.
10:19:51 PM [vite] page reload src/context/websocketcontext.jsx
Files in the public directory are served at the root path.
Instead of /public/styles.css, use /styles.css.
10:19:54 PM [vite] page reload src/context/websocketcontext.jsx
10:19:54 PM [vite] page reload src/context/websocketcontext.jsx
Files in the public directory are served at the root path.
Instead of /public/styles.css, use /styles.css.
10:19:55 PM [vite] page reload src/context/websocketcontext.jsx
Files in the public directory are served at the root path.
Instead of /public/styles.css, use /styles.css.
10:19:57 PM [vite] page reload src/context/websocketcontext.jsx
Files in the public directory are served at the root path.
Instead of /public/styles.css, use /styles.css.
4:57:36 AM [vite] page reload src/components/LosersTable.jsx
Files in the public directory are served at the root path.
Instead of /public/styles.css, use /styles.css.
4:57:39 AM [vite] page reload src/app.jsx
Files in the public directory are served at the root path.
Instead of /public/styles.css, use /styles.css.
4:57:41 AM [vite] page reload src/main.jsx
Files in the public directory are served at the root path.
Instead of /public/styles.css, use /styles.css.
4:57:43 AM [vite] page reload src/context/websocketcontext.jsx
4:57:44 AM [vite] page reload src/context/websocketcontext.jsx
Files in the public directory are served at the root path.
Instead of /public/styles.css, use /styles.css.
4:57:49 AM [vite] page reload src/components/GainersTable.jsx
Files in the public directory are served at the root path.
Instead of /public/styles.css, use /styles.css.
1:02:10 PM [vite] page reload src/app.jsx
Files in the public directory are served at the root path.
Instead of /public/styles.css, use /styles.css.
1:02:44 PM [vite] ✨ new dependencies optimized: prop-types
1:02:44 PM [vite] ✨ optimized dependencies changed. reloading
Files in the public directory are served at the root path.
Instead of /public/styles.css, use /styles.css.
